2023-06-28 09:55:20,942 - WARNING - Not Found: /customer/signin/mukesh@gmail.com/TXVrZXNoQDEyMw==/
2023-06-28 12:06:29,625 - INFO - D:\E Nursery Project\e-nursery-django\e_nursery\Scripts\e_nursery\customer_app\views.py changed, reloading.
2023-06-28 12:06:35,395 - INFO - D:\E Nursery Project\e-nursery-django\e_nursery\Scripts\e_nursery\customer_app\views.py changed, reloading.
2023-06-28 12:06:42,716 - INFO - D:\E Nursery Project\e-nursery-django\e_nursery\Scripts\e_nursery\customer_app\views.py changed, reloading.
2023-06-28 12:06:54,711 - INFO - D:\E Nursery Project\e-nursery-django\e_nursery\Scripts\e_nursery\customer_app\views.py changed, reloading.
2023-06-28 12:07:00,141 - INFO - D:\E Nursery Project\e-nursery-django\e_nursery\Scripts\e_nursery\customer_app\views.py changed, reloading.
2023-06-28 12:07:11,554 - INFO - D:\E Nursery Project\e-nursery-django\e_nursery\Scripts\e_nursery\customer_app\views.py changed, reloading.
2023-06-28 12:07:17,805 - INFO - D:\E Nursery Project\e-nursery-django\e_nursery\Scripts\e_nursery\customer_app\views.py changed, reloading.
2023-06-28 12:07:21,800 - INFO - D:\E Nursery Project\e-nursery-django\e_nursery\Scripts\e_nursery\customer_app\views.py changed, reloading.
2023-06-28 12:07:25,801 - INFO - D:\E Nursery Project\e-nursery-django\e_nursery\Scripts\e_nursery\customer_app\views.py changed, reloading.
2023-06-28 12:07:32,242 - INFO - D:\E Nursery Project\e-nursery-django\e_nursery\Scripts\e_nursery\customer_app\views.py changed, reloading.
2023-06-28 12:07:35,954 - INFO - D:\E Nursery Project\e-nursery-django\e_nursery\Scripts\e_nursery\customer_app\views.py changed, reloading.
2023-06-28 12:07:41,147 - INFO - D:\E Nursery Project\e-nursery-django\e_nursery\Scripts\e_nursery\customer_app\views.py changed, reloading.
2023-06-28 12:07:54,220 - INFO - D:\E Nursery Project\e-nursery-django\e_nursery\Scripts\e_nursery\customer_app\views.py changed, reloading.
2023-06-28 12:08:01,285 - INFO - D:\E Nursery Project\e-nursery-django\e_nursery\Scripts\e_nursery\customer_app\views.py changed, reloading.
2023-06-28 12:08:08,771 - INFO - D:\E Nursery Project\e-nursery-django\e_nursery\Scripts\e_nursery\customer_app\views.py changed, reloading.
2023-06-28 12:08:12,568 - INFO - D:\E Nursery Project\e-nursery-django\e_nursery\Scripts\e_nursery\customer_app\views.py changed, reloading.
2023-06-28 12:08:20,960 - INFO - D:\E Nursery Project\e-nursery-django\e_nursery\Scripts\e_nursery\customer_app\views.py changed, reloading.
2023-06-28 12:08:29,201 - INFO - D:\E Nursery Project\e-nursery-django\e_nursery\Scripts\e_nursery\customer_app\views.py changed, reloading.
2023-06-28 12:08:37,893 - INFO - D:\E Nursery Project\e-nursery-django\e_nursery\Scripts\e_nursery\customer_app\views.py changed, reloading.
2023-06-28 12:08:45,351 - INFO - D:\E Nursery Project\e-nursery-django\e_nursery\Scripts\e_nursery\customer_app\views.py changed, reloading.
2023-06-28 12:08:53,794 - INFO - D:\E Nursery Project\e-nursery-django\e_nursery\Scripts\e_nursery\customer_app\views.py changed, reloading.
2023-06-28 12:08:57,856 - INFO - D:\E Nursery Project\e-nursery-django\e_nursery\Scripts\e_nursery\customer_app\views.py changed, reloading.
2023-06-28 12:09:13,381 - INFO - D:\E Nursery Project\e-nursery-django\e_nursery\Scripts\e_nursery\customer_app\views.py changed, reloading.
2023-06-28 12:09:17,271 - INFO - D:\E Nursery Project\e-nursery-django\e_nursery\Scripts\e_nursery\customer_app\views.py changed, reloading.
2023-06-28 12:09:34,673 - INFO - D:\E Nursery Project\e-nursery-django\e_nursery\Scripts\e_nursery\customer_app\views.py changed, reloading.
2023-06-28 12:10:03,673 - INFO - D:\E Nursery Project\e-nursery-django\e_nursery\Scripts\e_nursery\customer_app\views.py changed, reloading.
2023-06-28 12:10:11,619 - INFO - D:\E Nursery Project\e-nursery-django\e_nursery\Scripts\e_nursery\customer_app\models.py changed, reloading.
2023-06-28 12:10:32,630 - INFO - D:\E Nursery Project\e-nursery-django\e_nursery\Scripts\e_nursery\customer_app\models.py changed, reloading.
2023-06-28 12:11:12,096 - INFO - D:\E Nursery Project\e-nursery-django\e_nursery\Scripts\e_nursery\customer_app\views.py changed, reloading.
2023-06-28 12:11:16,187 - INFO - D:\E Nursery Project\e-nursery-django\e_nursery\Scripts\e_nursery\customer_app\views.py changed, reloading.
2023-06-28 12:11:28,423 - INFO - D:\E Nursery Project\e-nursery-django\e_nursery\Scripts\e_nursery\customer_app\serializer.py changed, reloading.
2023-06-28 12:12:15,631 - INFO - D:\E Nursery Project\e-nursery-django\e_nursery\Scripts\e_nursery\customer_app\views.py changed, reloading.
2023-06-28 12:12:41,869 - INFO - D:\E Nursery Project\e-nursery-django\e_nursery\Scripts\e_nursery\customer_app\views.py changed, reloading.
2023-06-28 12:12:49,934 - INFO - D:\E Nursery Project\e-nursery-django\e_nursery\Scripts\e_nursery\customer_app\views.py changed, reloading.
2023-06-28 12:13:22,354 - INFO - D:\E Nursery Project\e-nursery-django\e_nursery\Scripts\e_nursery\customer_app\views.py changed, reloading.
2023-06-28 12:13:28,140 - INFO - D:\E Nursery Project\e-nursery-django\e_nursery\Scripts\e_nursery\customer_app\views.py changed, reloading.
2023-06-28 12:13:31,765 - INFO - D:\E Nursery Project\e-nursery-django\e_nursery\Scripts\e_nursery\customer_app\views.py changed, reloading.
2023-06-28 12:13:35,117 - INFO - D:\E Nursery Project\e-nursery-django\e_nursery\Scripts\e_nursery\customer_app\views.py changed, reloading.
2023-06-28 12:13:38,417 - INFO - D:\E Nursery Project\e-nursery-django\e_nursery\Scripts\e_nursery\customer_app\views.py changed, reloading.
2023-06-28 12:13:44,448 - INFO - D:\E Nursery Project\e-nursery-django\e_nursery\Scripts\e_nursery\customer_app\views.py changed, reloading.
2023-06-28 12:14:07,956 - INFO - D:\E Nursery Project\e-nursery-django\e_nursery\Scripts\e_nursery\customer_app\views.py changed, reloading.
2023-06-28 12:14:16,102 - INFO - D:\E Nursery Project\e-nursery-django\e_nursery\Scripts\e_nursery\customer_app\views.py changed, reloading.
2023-06-28 12:14:23,182 - INFO - D:\E Nursery Project\e-nursery-django\e_nursery\Scripts\e_nursery\customer_app\views.py changed, reloading.
2023-06-28 12:18:23,483 - INFO - D:\E Nursery Project\e-nursery-django\e_nursery\Scripts\e_nursery\customer_app\models.py changed, reloading.
2023-06-28 12:18:34,523 - INFO - register_customer function started
2023-06-28 12:18:34,533 - INFO - register_customer:data is valid
2023-06-28 12:18:34,533 - INFO - Checking Email exits
2023-06-28 12:18:34,545 - INFO - Email not exist
2023-06-28 12:18:35,421 - INFO - customer data is saved
2023-06-28 12:18:57,165 - INFO - register_customer function started
2023-06-28 12:18:57,181 - INFO - data is invalid
2023-06-28 12:19:27,017 - INFO - register_customer function started
2023-06-28 12:19:27,022 - INFO - data is invalid
2023-06-28 12:20:44,778 - INFO - D:\E Nursery Project\e-nursery-django\e_nursery\Scripts\e_nursery\customer_app\views.py changed, reloading.
2023-06-28 12:21:37,118 - INFO - register_customer function started
2023-06-28 12:21:37,142 - INFO - data is invalid
2023-06-28 12:21:48,895 - INFO - register_customer function started
2023-06-28 12:21:48,900 - INFO - register_customer:data is valid
2023-06-28 12:21:48,900 - INFO - Checking Email exits
2023-06-28 12:21:48,904 - INFO - Email not exist
2023-06-28 12:21:49,483 - INFO - customer data is saved
2023-06-28 12:28:24,409 - INFO - D:\E Nursery Project\e-nursery-django\e_nursery\Scripts\e_nursery\customer_app\views.py changed, reloading.
2023-06-28 12:28:27,803 - INFO - D:\E Nursery Project\e-nursery-django\e_nursery\Scripts\e_nursery\customer_app\views.py changed, reloading.
2023-06-28 12:28:34,301 - INFO - D:\E Nursery Project\e-nursery-django\e_nursery\Scripts\e_nursery\customer_app\views.py changed, reloading.
2023-06-28 12:28:37,703 - INFO - D:\E Nursery Project\e-nursery-django\e_nursery\Scripts\e_nursery\customer_app\views.py changed, reloading.
2023-06-28 12:28:53,806 - INFO - D:\E Nursery Project\e-nursery-django\e_nursery\Scripts\e_nursery\customer_app\views.py changed, reloading.
2023-06-28 12:29:14,161 - INFO - D:\E Nursery Project\e-nursery-django\e_nursery\Scripts\e_nursery\customer_app\views.py changed, reloading.
2023-06-28 12:29:18,431 - INFO - D:\E Nursery Project\e-nursery-django\e_nursery\Scripts\e_nursery\customer_app\views.py changed, reloading.
2023-06-28 12:29:23,082 - INFO - D:\E Nursery Project\e-nursery-django\e_nursery\Scripts\e_nursery\customer_app\views.py changed, reloading.
2023-06-28 12:29:28,641 - INFO - D:\E Nursery Project\e-nursery-django\e_nursery\Scripts\e_nursery\customer_app\views.py changed, reloading.
2023-06-28 12:29:33,321 - INFO - D:\E Nursery Project\e-nursery-django\e_nursery\Scripts\e_nursery\customer_app\views.py changed, reloading.
2023-06-28 12:29:37,809 - INFO - D:\E Nursery Project\e-nursery-django\e_nursery\Scripts\e_nursery\customer_app\views.py changed, reloading.
2023-06-28 12:29:41,247 - INFO - D:\E Nursery Project\e-nursery-django\e_nursery\Scripts\e_nursery\customer_app\views.py changed, reloading.
2023-06-28 12:29:56,108 - INFO - D:\E Nursery Project\e-nursery-django\e_nursery\Scripts\e_nursery\customer_app\views.py changed, reloading.
2023-06-28 12:29:59,242 - INFO - D:\E Nursery Project\e-nursery-django\e_nursery\Scripts\e_nursery\customer_app\views.py changed, reloading.
2023-06-28 12:30:04,636 - INFO - D:\E Nursery Project\e-nursery-django\e_nursery\Scripts\e_nursery\customer_app\views.py changed, reloading.
2023-06-28 12:30:08,779 - INFO - D:\E Nursery Project\e-nursery-django\e_nursery\Scripts\e_nursery\customer_app\views.py changed, reloading.
2023-06-28 12:30:51,649 - INFO - D:\E Nursery Project\e-nursery-django\e_nursery\Scripts\e_nursery\customer_app\views.py changed, reloading.
2023-06-28 12:30:57,580 - INFO - D:\E Nursery Project\e-nursery-django\e_nursery\Scripts\e_nursery\customer_app\views.py changed, reloading.
2023-06-28 12:31:04,807 - INFO - D:\E Nursery Project\e-nursery-django\e_nursery\Scripts\e_nursery\customer_app\views.py changed, reloading.
2023-06-28 12:31:18,462 - INFO - D:\E Nursery Project\e-nursery-django\e_nursery\Scripts\e_nursery\customer_app\views.py changed, reloading.
2023-06-28 12:31:24,754 - INFO - D:\E Nursery Project\e-nursery-django\e_nursery\Scripts\e_nursery\customer_app\views.py changed, reloading.
2023-06-28 12:31:32,388 - INFO - D:\E Nursery Project\e-nursery-django\e_nursery\Scripts\e_nursery\customer_app\views.py changed, reloading.
2023-06-28 12:31:35,676 - INFO - D:\E Nursery Project\e-nursery-django\e_nursery\Scripts\e_nursery\customer_app\views.py changed, reloading.
2023-06-28 12:31:41,694 - INFO - D:\E Nursery Project\e-nursery-django\e_nursery\Scripts\e_nursery\customer_app\views.py changed, reloading.
2023-06-28 12:31:57,289 - INFO - D:\E Nursery Project\e-nursery-django\e_nursery\Scripts\e_nursery\customer_app\views.py changed, reloading.
2023-06-28 12:32:38,066 - INFO - D:\E Nursery Project\e-nursery-django\e_nursery\Scripts\e_nursery\customer_app\views.py changed, reloading.
2023-06-28 12:32:46,159 - INFO - D:\E Nursery Project\e-nursery-django\e_nursery\Scripts\e_nursery\customer_app\views.py changed, reloading.
2023-06-28 12:32:51,153 - INFO - D:\E Nursery Project\e-nursery-django\e_nursery\Scripts\e_nursery\customer_app\views.py changed, reloading.
2023-06-28 12:33:17,369 - INFO - D:\E Nursery Project\e-nursery-django\e_nursery\Scripts\e_nursery\customer_app\views.py changed, reloading.
2023-06-28 12:38:09,947 - INFO - D:\E Nursery Project\e-nursery-django\e_nursery\Scripts\e_nursery\customer_app\views.py changed, reloading.
2023-06-28 12:38:13,624 - INFO - D:\E Nursery Project\e-nursery-django\e_nursery\Scripts\e_nursery\customer_app\views.py changed, reloading.
2023-06-28 12:38:17,218 - INFO - D:\E Nursery Project\e-nursery-django\e_nursery\Scripts\e_nursery\customer_app\views.py changed, reloading.
2023-06-28 12:38:22,764 - INFO - D:\E Nursery Project\e-nursery-django\e_nursery\Scripts\e_nursery\customer_app\views.py changed, reloading.
2023-06-28 12:38:29,888 - INFO - D:\E Nursery Project\e-nursery-django\e_nursery\Scripts\e_nursery\customer_app\views.py changed, reloading.
2023-06-28 12:38:56,041 - INFO - D:\E Nursery Project\e-nursery-django\e_nursery\Scripts\e_nursery\customer_app\views.py changed, reloading.
2023-06-28 12:39:05,499 - INFO - D:\E Nursery Project\e-nursery-django\e_nursery\Scripts\e_nursery\customer_app\views.py changed, reloading.
2023-06-28 12:39:24,090 - INFO - D:\E Nursery Project\e-nursery-django\e_nursery\Scripts\e_nursery\customer_app\views.py changed, reloading.
2023-06-28 12:39:31,295 - INFO - D:\E Nursery Project\e-nursery-django\e_nursery\Scripts\e_nursery\customer_app\views.py changed, reloading.
2023-06-28 12:39:56,657 - INFO - D:\E Nursery Project\e-nursery-django\e_nursery\Scripts\e_nursery\customer_app\views.py changed, reloading.
2023-06-28 12:40:18,337 - INFO - D:\E Nursery Project\e-nursery-django\e_nursery\Scripts\e_nursery\customer_app\urls.py changed, reloading.
2023-06-28 12:40:35,988 - INFO - D:\E Nursery Project\e-nursery-django\e_nursery\Scripts\e_nursery\customer_app\views.py changed, reloading.
2023-06-28 12:40:39,433 - INFO - D:\E Nursery Project\e-nursery-django\e_nursery\Scripts\e_nursery\customer_app\views.py changed, reloading.
2023-06-28 12:40:43,691 - INFO - D:\E Nursery Project\e-nursery-django\e_nursery\Scripts\e_nursery\customer_app\views.py changed, reloading.
2023-06-28 12:40:49,221 - INFO - D:\E Nursery Project\e-nursery-django\e_nursery\Scripts\e_nursery\customer_app\views.py changed, reloading.
2023-06-28 12:40:53,832 - INFO - D:\E Nursery Project\e-nursery-django\e_nursery\Scripts\e_nursery\customer_app\views.py changed, reloading.
2023-06-28 12:40:58,742 - INFO - D:\E Nursery Project\e-nursery-django\e_nursery\Scripts\e_nursery\customer_app\views.py changed, reloading.
2023-06-28 12:41:06,477 - INFO - D:\E Nursery Project\e-nursery-django\e_nursery\Scripts\e_nursery\customer_app\views.py changed, reloading.
2023-06-28 12:41:15,012 - INFO - D:\E Nursery Project\e-nursery-django\e_nursery\Scripts\e_nursery\customer_app\urls.py changed, reloading.
2023-06-28 12:41:18,683 - INFO - D:\E Nursery Project\e-nursery-django\e_nursery\Scripts\e_nursery\customer_app\urls.py changed, reloading.
2023-06-28 12:42:02,336 - WARNING - Not Found: /customer/singin/
2023-06-28 12:42:22,979 - INFO - login_customer function started
2023-06-28 12:42:22,980 - WARNING - Bad Request: /customer/signin/
2023-06-28 12:42:33,101 - INFO - login_customer function started
2023-06-28 12:42:33,111 - INFO - Email exists
2023-06-28 12:42:34,000 - INFO - Password is correct
2023-06-28 12:42:34,056 - ERROR - Internal Server Error: /customer/signin/
Traceback (most recent call last):
  File "D:\E Nursery Project\e-nursery-django\e_nursery\lib\site-packages\django\core\handlers\exception.py", line 55, in inner
    response = get_response(request)
  File "D:\E Nursery Project\e-nursery-django\e_nursery\lib\site-packages\django\core\handlers\base.py", line 197, in _get_response
    response = wrapped_callback(request, *callback_args, **callback_kwargs)
  File "D:\E Nursery Project\e-nursery-django\e_nursery\lib\site-packages\django\views\decorators\csrf.py", line 56, in wrapper_view
    return view_func(*args, **kwargs)
  File "D:\E Nursery Project\e-nursery-django\e_nursery\lib\site-packages\django\views\generic\base.py", line 104, in view
    return self.dispatch(request, *args, **kwargs)
  File "D:\E Nursery Project\e-nursery-django\e_nursery\lib\site-packages\rest_framework\views.py", line 509, in dispatch
    response = self.handle_exception(exc)
  File "D:\E Nursery Project\e-nursery-django\e_nursery\lib\site-packages\rest_framework\views.py", line 469, in handle_exception
    self.raise_uncaught_exception(exc)
  File "D:\E Nursery Project\e-nursery-django\e_nursery\lib\site-packages\rest_framework\views.py", line 480, in raise_uncaught_exception
    raise exc
  File "D:\E Nursery Project\e-nursery-django\e_nursery\lib\site-packages\rest_framework\views.py", line 506, in dispatch
    response = handler(request, *args, **kwargs)
  File "D:\E Nursery Project\e-nursery-django\e_nursery\lib\site-packages\rest_framework\decorators.py", line 50, in handler
    return func(*args, **kwargs)
  File "D:\E Nursery Project\e-nursery-django\e_nursery\Scripts\e_nursery\customer_app\views.py", line 54, in login_customer
    token = generate_jwt_token(user.id)
  File "D:\E Nursery Project\e-nursery-django\e_nursery\Scripts\e_nursery\customer_app\views.py", line 77, in generate_jwt_token
    return token.decode('utf-8')
AttributeError: 'str' object has no attribute 'decode'
2023-06-28 12:44:00,974 - INFO - D:\E Nursery Project\e-nursery-django\e_nursery\Scripts\e_nursery\customer_app\views.py changed, reloading.
2023-06-28 12:44:10,600 - INFO - login_customer function started
2023-06-28 12:44:10,611 - INFO - Email exists
2023-06-28 12:44:11,906 - INFO - Password is correct
2023-06-28 12:44:12,005 - ERROR - Internal Server Error: /customer/signin/
Traceback (most recent call last):
  File "D:\E Nursery Project\e-nursery-django\e_nursery\lib\site-packages\django\core\handlers\exception.py", line 55, in inner
    response = get_response(request)
  File "D:\E Nursery Project\e-nursery-django\e_nursery\lib\site-packages\django\core\handlers\base.py", line 197, in _get_response
    response = wrapped_callback(request, *callback_args, **callback_kwargs)
  File "D:\E Nursery Project\e-nursery-django\e_nursery\lib\site-packages\django\views\decorators\csrf.py", line 56, in wrapper_view
    return view_func(*args, **kwargs)
  File "D:\E Nursery Project\e-nursery-django\e_nursery\lib\site-packages\django\views\generic\base.py", line 104, in view
    return self.dispatch(request, *args, **kwargs)
  File "D:\E Nursery Project\e-nursery-django\e_nursery\lib\site-packages\rest_framework\views.py", line 509, in dispatch
    response = self.handle_exception(exc)
  File "D:\E Nursery Project\e-nursery-django\e_nursery\lib\site-packages\rest_framework\views.py", line 469, in handle_exception
    self.raise_uncaught_exception(exc)
  File "D:\E Nursery Project\e-nursery-django\e_nursery\lib\site-packages\rest_framework\views.py", line 480, in raise_uncaught_exception
    raise exc
  File "D:\E Nursery Project\e-nursery-django\e_nursery\lib\site-packages\rest_framework\views.py", line 506, in dispatch
    response = handler(request, *args, **kwargs)
  File "D:\E Nursery Project\e-nursery-django\e_nursery\lib\site-packages\rest_framework\decorators.py", line 50, in handler
    return func(*args, **kwargs)
  File "D:\E Nursery Project\e-nursery-django\e_nursery\Scripts\e_nursery\customer_app\views.py", line 57, in login_customer
    'user': UserSerializer(user).data,
  File "D:\E Nursery Project\e-nursery-django\e_nursery\lib\site-packages\rest_framework\serializers.py", line 555, in data
    ret = super().data
  File "D:\E Nursery Project\e-nursery-django\e_nursery\lib\site-packages\rest_framework\serializers.py", line 253, in data
    self._data = self.to_representation(self.instance)
  File "D:\E Nursery Project\e-nursery-django\e_nursery\lib\site-packages\rest_framework\serializers.py", line 507, in to_representation
    for field in fields:
  File "D:\E Nursery Project\e-nursery-django\e_nursery\lib\site-packages\rest_framework\serializers.py", line 368, in _readable_fields
    for field in self.fields.values():
  File "D:\E Nursery Project\e-nursery-django\e_nursery\lib\site-packages\django\utils\functional.py", line 57, in __get__
    res = instance.__dict__[self.name] = self.func(instance)
  File "D:\E Nursery Project\e-nursery-django\e_nursery\lib\site-packages\rest_framework\serializers.py", line 356, in fields
    for key, value in self.get_fields().items():
  File "D:\E Nursery Project\e-nursery-django\e_nursery\lib\site-packages\rest_framework\serializers.py", line 1052, in get_fields
    field_names = self.get_field_names(declared_fields, info)
  File "D:\E Nursery Project\e-nursery-django\e_nursery\lib\site-packages\rest_framework\serializers.py", line 1106, in get_field_names
    raise TypeError(
TypeError: The `fields` option must be a list or tuple or "__all__". Got str.
2023-06-28 12:46:27,268 - INFO - D:\E Nursery Project\e-nursery-django\e_nursery\Scripts\e_nursery\customer_app\serializer.py changed, reloading.
2023-06-28 12:47:30,588 - INFO - login_customer function started
2023-06-28 12:47:30,606 - INFO - Email exists
2023-06-28 12:47:31,918 - INFO - Password is correct
2023-06-28 12:53:46,167 - INFO - login_customer function started
2023-06-28 12:53:46,182 - INFO - Email exists
2023-06-28 12:53:47,390 - INFO - Password is incorrect
2023-06-28 12:53:52,613 - INFO - login_customer function started
2023-06-28 12:53:52,620 - INFO - Email does not exist
2023-06-28 12:54:05,879 - INFO - login_customer function started
2023-06-28 12:54:05,884 - INFO - Email exists
2023-06-28 12:54:06,839 - INFO - Password is correct
2023-06-28 12:59:35,397 - INFO - login_customer function started
2023-06-28 12:59:35,409 - INFO - Email exists
2023-06-28 12:59:36,595 - INFO - Password is correct
2023-06-28 13:00:57,649 - INFO - login_customer function started
2023-06-28 13:00:57,658 - INFO - Email exists
2023-06-28 13:00:58,568 - INFO - Password is correct
2023-06-28 13:01:20,112 - INFO - login_customer function started
2023-06-28 13:01:20,119 - INFO - Email exists
2023-06-28 13:01:21,064 - INFO - Password is correct
2023-06-28 13:02:25,384 - INFO - login_customer function started
2023-06-28 13:02:25,390 - INFO - Email exists
2023-06-28 13:02:26,335 - INFO - Password is correct
2023-06-28 13:05:12,284 - INFO - login_customer function started
2023-06-28 13:05:12,289 - INFO - Email exists
2023-06-28 13:05:13,282 - INFO - Password is correct
2023-06-28 13:05:16,061 - INFO - login_customer function started
2023-06-28 13:05:16,067 - INFO - Email exists
2023-06-28 13:05:17,263 - INFO - Password is correct
2023-06-28 13:06:08,153 - INFO - login_customer function started
2023-06-28 13:06:08,162 - INFO - Email exists
2023-06-28 13:06:09,112 - INFO - Password is correct
2023-06-28 15:34:24,990 - INFO - register_customer function started
2023-06-28 15:34:25,554 - INFO - register_customer:data is valid
2023-06-28 15:34:25,554 - INFO - Checking Email exits
2023-06-28 15:34:25,598 - INFO - Email not exist
2023-06-28 15:34:26,451 - INFO - customer data is saved
2023-06-28 15:34:40,364 - INFO - login_customer function started
2023-06-28 15:34:40,462 - INFO - Email exists
2023-06-28 15:34:40,878 - INFO - Password is correct
2023-06-28 15:34:51,133 - INFO - login_customer function started
2023-06-28 15:34:51,200 - INFO - Email exists
2023-06-28 15:34:51,579 - INFO - Password is incorrect
2023-06-28 15:34:54,849 - INFO - login_customer function started
2023-06-28 15:34:54,867 - INFO - Email exists
2023-06-28 15:34:55,280 - INFO - Password is incorrect
2023-06-28 15:35:05,688 - INFO - login_customer function started
2023-06-28 15:35:05,745 - INFO - Email exists
2023-06-28 15:35:06,122 - INFO - Password is correct
2023-06-28 15:35:13,407 - INFO - login_customer function started
2023-06-28 15:35:13,547 - INFO - Email exists
2023-06-28 15:35:13,929 - INFO - Password is incorrect
2023-06-28 15:37:26,961 - INFO - login_customer function started
2023-06-28 15:37:28,479 - INFO - Email exists
2023-06-28 15:37:29,010 - INFO - Password is incorrect
2023-06-28 15:37:32,936 - INFO - login_customer function started
2023-06-28 15:37:33,142 - INFO - Email exists
2023-06-28 15:37:33,592 - INFO - Password is incorrect
2023-06-28 16:00:28,932 - INFO - login_customer function started
2023-06-28 16:00:30,036 - INFO - Email exists
2023-06-28 16:00:30,520 - INFO - Password is incorrect
2023-06-28 16:02:13,143 - INFO - login_customer function started
2023-06-28 16:02:13,302 - INFO - Email exists
2023-06-28 16:02:14,114 - INFO - Password is incorrect
2023-06-28 16:02:57,926 - INFO - login_customer function started
2023-06-28 16:02:57,992 - INFO - Email does not exist
2023-06-28 16:59:19,825 - INFO - register_customer function started
2023-06-28 16:59:20,194 - INFO - register_customer:data is valid
2023-06-28 16:59:20,194 - INFO - Checking Email exits
2023-06-28 16:59:20,303 - INFO - Email not exist
2023-06-28 16:59:21,421 - INFO - customer data is saved
2023-06-28 16:59:44,590 - INFO - login_customer function started
2023-06-28 16:59:44,676 - INFO - Email exists
2023-06-28 16:59:45,053 - INFO - Password is correct
2023-06-28 17:01:46,846 - INFO - login_customer function started
2023-06-28 17:01:47,168 - INFO - Email exists
2023-06-28 17:01:47,575 - INFO - Password is correct
2023-06-28 17:15:22,221 - INFO - G:\e-nursary\e-nursery-django\e_nursery\Scripts\e_nursery\customer_app\views.py changed, reloading.
2023-06-28 17:15:36,280 - INFO - G:\e-nursary\e-nursery-django\e_nursery\Scripts\e_nursery\customer_app\views.py changed, reloading.
2023-06-28 17:15:47,755 - INFO - G:\e-nursary\e-nursery-django\e_nursery\Scripts\e_nursery\customer_app\views.py changed, reloading.
2023-06-28 17:15:52,810 - INFO - G:\e-nursary\e-nursery-django\e_nursery\Scripts\e_nursery\customer_app\views.py changed, reloading.
2023-06-28 17:15:58,505 - INFO - G:\e-nursary\e-nursery-django\e_nursery\Scripts\e_nursery\customer_app\views.py changed, reloading.
2023-06-28 17:18:16,487 - INFO - login_customer function started
2023-06-28 17:18:16,552 - INFO - Email exists
2023-06-28 17:18:16,949 - INFO - Password is incorrect
2023-06-28 17:18:26,564 - INFO - login_customer function started
2023-06-28 17:18:26,611 - INFO - Email exists
2023-06-28 17:18:26,998 - INFO - Password is correct
2023-06-28 17:26:18,385 - INFO - G:\e-nursary\e-nursery-django\e_nursery\Scripts\e_nursery\customer_app\views.py changed, reloading.
2023-06-28 17:35:08,815 - INFO - login_customer function started
2023-06-28 17:35:09,097 - INFO - Email exists
2023-06-28 17:35:09,579 - INFO - Password is correct
2023-06-28 17:35:17,537 - INFO - login_customer function started
2023-06-28 17:35:17,603 - INFO - Email exists
2023-06-28 17:35:17,981 - INFO - Password is incorrect
2023-06-28 17:35:42,526 - INFO - login_customer function started
2023-06-28 17:35:42,558 - INFO - Email exists
2023-06-28 17:35:42,945 - INFO - Password is correct
2023-06-28 17:45:31,005 - INFO - G:\e-nursary\e-nursery-django\e_nursery\Scripts\e_nursery\customer_app\views.py changed, reloading.
2023-06-28 17:47:55,138 - INFO - login_customer function started
2023-06-28 17:47:55,348 - INFO - Email exists
2023-06-28 17:47:55,865 - INFO - Password is incorrect
2023-06-28 17:48:08,569 - INFO - login_customer function started
2023-06-28 17:48:08,616 - INFO - Email exists
2023-06-28 17:48:09,054 - INFO - Password is correct
2023-06-28 20:03:14,850 - INFO - login_customer function started
2023-06-28 20:03:15,474 - INFO - Email exists
2023-06-28 20:03:15,866 - INFO - Password is correct
2023-06-28 20:16:17,246 - INFO - login_customer function started
2023-06-28 20:16:17,617 - INFO - Email exists
2023-06-28 20:16:18,041 - INFO - Password is correct
2023-06-29 14:44:01,038 - INFO - G:\e-nursary\e-nursery-django\e_nursery\Scripts\e_nursery\customer_app\views.py changed, reloading.
2023-06-29 14:44:11,002 - INFO - G:\e-nursary\e-nursery-django\e_nursery\Scripts\e_nursery\customer_app\views.py changed, reloading.
2023-06-29 14:45:23,084 - INFO - G:\e-nursary\e-nursery-django\e_nursery\Scripts\e_nursery\customer_app\views.py changed, reloading.
2023-06-29 14:45:42,432 - INFO - G:\e-nursary\e-nursery-django\e_nursery\Scripts\e_nursery\customer_app\views.py changed, reloading.
2023-06-29 14:45:59,151 - INFO - G:\e-nursary\e-nursery-django\e_nursery\Scripts\e_nursery\customer_app\views.py changed, reloading.
2023-06-29 14:46:03,913 - INFO - G:\e-nursary\e-nursery-django\e_nursery\Scripts\e_nursery\customer_app\views.py changed, reloading.
2023-06-29 14:46:23,212 - INFO - G:\e-nursary\e-nursery-django\e_nursery\Scripts\e_nursery\customer_app\views.py changed, reloading.
2023-06-29 14:46:32,350 - INFO - G:\e-nursary\e-nursery-django\e_nursery\Scripts\e_nursery\customer_app\views.py changed, reloading.
2023-06-29 14:46:45,127 - INFO - G:\e-nursary\e-nursery-django\e_nursery\Scripts\e_nursery\customer_app\views.py changed, reloading.
2023-06-29 14:46:57,619 - INFO - G:\e-nursary\e-nursery-django\e_nursery\Scripts\e_nursery\customer_app\views.py changed, reloading.
2023-06-29 14:47:02,832 - INFO - G:\e-nursary\e-nursery-django\e_nursery\Scripts\e_nursery\customer_app\views.py changed, reloading.
2023-06-29 14:47:16,020 - INFO - G:\e-nursary\e-nursery-django\e_nursery\Scripts\e_nursery\customer_app\views.py changed, reloading.
2023-06-29 14:48:09,030 - INFO - G:\e-nursary\e-nursery-django\e_nursery\Scripts\e_nursery\customer_app\views.py changed, reloading.
2023-06-29 14:55:06,552 - INFO - G:\e-nursary\e-nursery-django\e_nursery\Scripts\e_nursery\customer_app\views.py changed, reloading.
2023-06-29 14:55:14,811 - INFO - G:\e-nursary\e-nursery-django\e_nursery\Scripts\e_nursery\customer_app\views.py changed, reloading.
2023-06-29 14:55:19,091 - INFO - G:\e-nursary\e-nursery-django\e_nursery\Scripts\e_nursery\customer_app\views.py changed, reloading.
2023-06-29 14:55:28,096 - INFO - G:\e-nursary\e-nursery-django\e_nursery\Scripts\e_nursery\customer_app\views.py changed, reloading.
2023-06-29 14:55:36,171 - INFO - G:\e-nursary\e-nursery-django\e_nursery\Scripts\e_nursery\customer_app\views.py changed, reloading.
2023-06-29 14:55:41,798 - INFO - G:\e-nursary\e-nursery-django\e_nursery\Scripts\e_nursery\customer_app\views.py changed, reloading.
2023-06-29 14:55:46,122 - INFO - G:\e-nursary\e-nursery-django\e_nursery\Scripts\e_nursery\customer_app\views.py changed, reloading.
2023-06-29 14:55:55,072 - INFO - G:\e-nursary\e-nursery-django\e_nursery\Scripts\e_nursery\customer_app\views.py changed, reloading.
2023-06-29 14:56:05,003 - INFO - G:\e-nursary\e-nursery-django\e_nursery\Scripts\e_nursery\customer_app\views.py changed, reloading.
2023-06-29 14:56:12,735 - INFO - G:\e-nursary\e-nursery-django\e_nursery\Scripts\e_nursery\customer_app\views.py changed, reloading.
2023-06-29 14:56:17,880 - INFO - G:\e-nursary\e-nursery-django\e_nursery\Scripts\e_nursery\customer_app\views.py changed, reloading.
2023-06-29 14:56:22,051 - INFO - G:\e-nursary\e-nursery-django\e_nursery\Scripts\e_nursery\customer_app\views.py changed, reloading.
2023-06-29 14:56:26,421 - INFO - G:\e-nursary\e-nursery-django\e_nursery\Scripts\e_nursery\customer_app\views.py changed, reloading.
2023-06-29 14:58:46,926 - INFO - G:\e-nursary\e-nursery-django\e_nursery\Scripts\e_nursery\e_nursery\settings.py changed, reloading.
2023-06-29 14:59:55,396 - INFO - G:\e-nursary\e-nursery-django\e_nursery\Scripts\e_nursery\customer_app\urls.py changed, reloading.
2023-06-29 15:00:02,301 - INFO - G:\e-nursary\e-nursery-django\e_nursery\Scripts\e_nursery\customer_app\urls.py changed, reloading.
2023-06-29 15:00:17,223 - INFO - G:\e-nursary\e-nursery-django\e_nursery\Scripts\e_nursery\customer_app\urls.py changed, reloading.
2023-06-29 15:00:22,265 - INFO - G:\e-nursary\e-nursery-django\e_nursery\Scripts\e_nursery\customer_app\urls.py changed, reloading.
2023-06-29 15:02:03,487 - INFO - forgot_password:starts
2023-06-29 15:02:03,748 - INFO - Email is not exist
2023-06-29 15:03:00,147 - INFO - register_customer function started
2023-06-29 15:03:00,216 - INFO - register_customer:data is valid
2023-06-29 15:03:00,216 - INFO - Checking Email exits
2023-06-29 15:03:00,225 - INFO - Email not exist
2023-06-29 15:03:00,878 - INFO - customer data is saved
2023-06-29 15:03:13,299 - INFO - login_customer function started
2023-06-29 15:03:13,409 - INFO - Email exists
2023-06-29 15:03:13,802 - INFO - Password is correct
2023-06-29 15:04:36,719 - INFO - forgot_password:starts
2023-06-29 15:04:36,794 - INFO - Email Exist
2023-06-29 15:04:36,794 - INFO - Email send function call
2023-06-29 15:04:36,794 - INFO - Send_otp_via_mail:starts
2023-06-29 15:04:36,799 - INFO - OTP genrated
2023-06-29 15:04:43,970 - ERROR - Internal Server Error: /customer/forgotpassword/
Traceback (most recent call last):
  File "C:\Users\Lenovo\AppData\Local\Programs\Python\Python310\lib\site-packages\django\core\handlers\exception.py", line 56, in inner
    response = get_response(request)
  File "C:\Users\Lenovo\AppData\Local\Programs\Python\Python310\lib\site-packages\django\core\handlers\base.py", line 197, in _get_response
    response = wrapped_callback(request, *callback_args, **callback_kwargs)
  File "C:\Users\Lenovo\AppData\Local\Programs\Python\Python310\lib\site-packages\django\views\decorators\csrf.py", line 55, in wrapped_view
    return view_func(*args, **kwargs)
  File "C:\Users\Lenovo\AppData\Local\Programs\Python\Python310\lib\site-packages\django\views\generic\base.py", line 103, in view
    return self.dispatch(request, *args, **kwargs)
  File "C:\Users\Lenovo\AppData\Local\Programs\Python\Python310\lib\site-packages\rest_framework\views.py", line 509, in dispatch
    response = self.handle_exception(exc)
  File "C:\Users\Lenovo\AppData\Local\Programs\Python\Python310\lib\site-packages\rest_framework\views.py", line 469, in handle_exception
    self.raise_uncaught_exception(exc)
  File "C:\Users\Lenovo\AppData\Local\Programs\Python\Python310\lib\site-packages\rest_framework\views.py", line 480, in raise_uncaught_exception
    raise exc
  File "C:\Users\Lenovo\AppData\Local\Programs\Python\Python310\lib\site-packages\rest_framework\views.py", line 506, in dispatch
    response = handler(request, *args, **kwargs)
  File "C:\Users\Lenovo\AppData\Local\Programs\Python\Python310\lib\site-packages\rest_framework\decorators.py", line 50, in handler
    return func(*args, **kwargs)
  File "G:\e-nursary\e-nursery-django\e_nursery\Scripts\e_nursery\customer_app\views.py", line 91, in forgot_password
    otp=send_opt_via_email(email)
  File "G:\e-nursary\e-nursery-django\e_nursery\Scripts\e_nursery\customer_app\email.py", line 17, in send_opt_via_email
    send_mail(subject,message,email_from,[email]) #the send mail fiunction
  File "C:\Users\Lenovo\AppData\Local\Programs\Python\Python310\lib\site-packages\django\core\mail\__init__.py", line 87, in send_mail
    return mail.send()
  File "C:\Users\Lenovo\AppData\Local\Programs\Python\Python310\lib\site-packages\django\core\mail\message.py", line 298, in send
    return self.get_connection(fail_silently).send_messages([self])
  File "C:\Users\Lenovo\AppData\Local\Programs\Python\Python310\lib\site-packages\django\core\mail\backends\smtp.py", line 124, in send_messages
    new_conn_created = self.open()
  File "C:\Users\Lenovo\AppData\Local\Programs\Python\Python310\lib\site-packages\django\core\mail\backends\smtp.py", line 80, in open
    self.connection = self.connection_class(
  File "C:\Users\Lenovo\AppData\Local\Programs\Python\Python310\lib\smtplib.py", line 255, in __init__
    (code, msg) = self.connect(host, port)
  File "C:\Users\Lenovo\AppData\Local\Programs\Python\Python310\lib\smtplib.py", line 341, in connect
    self.sock = self._get_socket(host, port, self.timeout)
  File "C:\Users\Lenovo\AppData\Local\Programs\Python\Python310\lib\smtplib.py", line 312, in _get_socket
    return socket.create_connection((host, port), timeout,
  File "C:\Users\Lenovo\AppData\Local\Programs\Python\Python310\lib\socket.py", line 845, in create_connection
    raise err
  File "C:\Users\Lenovo\AppData\Local\Programs\Python\Python310\lib\socket.py", line 833, in create_connection
    sock.connect(sa)
ConnectionRefusedError: [WinError 10061] No connection could be made because the target machine actively refused it
2023-06-29 15:05:53,963 - INFO - G:\e-nursary\e-nursery-django\e_nursery\Scripts\e_nursery\customer_app\email.py changed, reloading.
2023-06-29 15:06:07,112 - INFO - G:\e-nursary\e-nursery-django\e_nursery\Scripts\e_nursery\customer_app\email.py changed, reloading.
2023-06-29 15:06:12,938 - INFO - G:\e-nursary\e-nursery-django\e_nursery\Scripts\e_nursery\customer_app\email.py changed, reloading.
2023-06-29 15:06:19,534 - INFO - forgot_password:starts
2023-06-29 15:06:19,620 - INFO - Email Exist
2023-06-29 15:06:19,620 - INFO - Email send function call
2023-06-29 15:06:19,622 - INFO - Send_otp_via_mail:starts
2023-06-29 15:06:19,724 - INFO - 712448
2023-06-29 15:06:25,209 - ERROR - Internal Server Error: /customer/forgotpassword/
Traceback (most recent call last):
  File "C:\Users\Lenovo\AppData\Local\Programs\Python\Python310\lib\site-packages\django\core\handlers\exception.py", line 56, in inner
    response = get_response(request)
  File "C:\Users\Lenovo\AppData\Local\Programs\Python\Python310\lib\site-packages\django\core\handlers\base.py", line 197, in _get_response
    response = wrapped_callback(request, *callback_args, **callback_kwargs)
  File "C:\Users\Lenovo\AppData\Local\Programs\Python\Python310\lib\site-packages\django\views\decorators\csrf.py", line 55, in wrapped_view
    return view_func(*args, **kwargs)
  File "C:\Users\Lenovo\AppData\Local\Programs\Python\Python310\lib\site-packages\django\views\generic\base.py", line 103, in view
    return self.dispatch(request, *args, **kwargs)
  File "C:\Users\Lenovo\AppData\Local\Programs\Python\Python310\lib\site-packages\rest_framework\views.py", line 509, in dispatch
    response = self.handle_exception(exc)
  File "C:\Users\Lenovo\AppData\Local\Programs\Python\Python310\lib\site-packages\rest_framework\views.py", line 469, in handle_exception
    self.raise_uncaught_exception(exc)
  File "C:\Users\Lenovo\AppData\Local\Programs\Python\Python310\lib\site-packages\rest_framework\views.py", line 480, in raise_uncaught_exception
    raise exc
  File "C:\Users\Lenovo\AppData\Local\Programs\Python\Python310\lib\site-packages\rest_framework\views.py", line 506, in dispatch
    response = handler(request, *args, **kwargs)
  File "C:\Users\Lenovo\AppData\Local\Programs\Python\Python310\lib\site-packages\rest_framework\decorators.py", line 50, in handler
    return func(*args, **kwargs)
  File "G:\e-nursary\e-nursery-django\e_nursery\Scripts\e_nursery\customer_app\views.py", line 91, in forgot_password
    otp=send_opt_via_email(email)
  File "G:\e-nursary\e-nursery-django\e_nursery\Scripts\e_nursery\customer_app\email.py", line 18, in send_opt_via_email
    send_mail(subject,message,email_from,[email]) #the send mail fiunction
  File "C:\Users\Lenovo\AppData\Local\Programs\Python\Python310\lib\site-packages\django\core\mail\__init__.py", line 87, in send_mail
    return mail.send()
  File "C:\Users\Lenovo\AppData\Local\Programs\Python\Python310\lib\site-packages\django\core\mail\message.py", line 298, in send
    return self.get_connection(fail_silently).send_messages([self])
  File "C:\Users\Lenovo\AppData\Local\Programs\Python\Python310\lib\site-packages\django\core\mail\backends\smtp.py", line 124, in send_messages
    new_conn_created = self.open()
  File "C:\Users\Lenovo\AppData\Local\Programs\Python\Python310\lib\site-packages\django\core\mail\backends\smtp.py", line 80, in open
    self.connection = self.connection_class(
  File "C:\Users\Lenovo\AppData\Local\Programs\Python\Python310\lib\smtplib.py", line 255, in __init__
    (code, msg) = self.connect(host, port)
  File "C:\Users\Lenovo\AppData\Local\Programs\Python\Python310\lib\smtplib.py", line 341, in connect
    self.sock = self._get_socket(host, port, self.timeout)
  File "C:\Users\Lenovo\AppData\Local\Programs\Python\Python310\lib\smtplib.py", line 312, in _get_socket
    return socket.create_connection((host, port), timeout,
  File "C:\Users\Lenovo\AppData\Local\Programs\Python\Python310\lib\socket.py", line 845, in create_connection
    raise err
  File "C:\Users\Lenovo\AppData\Local\Programs\Python\Python310\lib\socket.py", line 833, in create_connection
    sock.connect(sa)
ConnectionRefusedError: [WinError 10061] No connection could be made because the target machine actively refused it
2023-06-29 15:06:54,113 - INFO - G:\e-nursary\e-nursery-django\e_nursery\Scripts\e_nursery\customer_app\email.py changed, reloading.
2023-06-29 15:07:08,177 - INFO - G:\e-nursary\e-nursery-django\e_nursery\Scripts\e_nursery\customer_app\email.py changed, reloading.
2023-06-29 15:07:14,889 - INFO - forgot_password:starts
2023-06-29 15:07:14,925 - INFO - Email Exist
2023-06-29 15:07:14,926 - INFO - Email send function call
2023-06-29 15:07:14,926 - INFO - Send_otp_via_mail:starts
2023-06-29 15:07:14,926 - INFO - OTP genrated
2023-06-29 15:07:14,926 - INFO - 210044
2023-06-29 15:07:14,927 - INFO - 210044
2023-06-29 15:07:20,107 - ERROR - Internal Server Error: /customer/forgotpassword/
Traceback (most recent call last):
  File "C:\Users\Lenovo\AppData\Local\Programs\Python\Python310\lib\site-packages\django\core\handlers\exception.py", line 56, in inner
    response = get_response(request)
  File "C:\Users\Lenovo\AppData\Local\Programs\Python\Python310\lib\site-packages\django\core\handlers\base.py", line 197, in _get_response
    response = wrapped_callback(request, *callback_args, **callback_kwargs)
  File "C:\Users\Lenovo\AppData\Local\Programs\Python\Python310\lib\site-packages\django\views\decorators\csrf.py", line 55, in wrapped_view
    return view_func(*args, **kwargs)
  File "C:\Users\Lenovo\AppData\Local\Programs\Python\Python310\lib\site-packages\django\views\generic\base.py", line 103, in view
    return self.dispatch(request, *args, **kwargs)
  File "C:\Users\Lenovo\AppData\Local\Programs\Python\Python310\lib\site-packages\rest_framework\views.py", line 509, in dispatch
    response = self.handle_exception(exc)
  File "C:\Users\Lenovo\AppData\Local\Programs\Python\Python310\lib\site-packages\rest_framework\views.py", line 469, in handle_exception
    self.raise_uncaught_exception(exc)
  File "C:\Users\Lenovo\AppData\Local\Programs\Python\Python310\lib\site-packages\rest_framework\views.py", line 480, in raise_uncaught_exception
    raise exc
  File "C:\Users\Lenovo\AppData\Local\Programs\Python\Python310\lib\site-packages\rest_framework\views.py", line 506, in dispatch
    response = handler(request, *args, **kwargs)
  File "C:\Users\Lenovo\AppData\Local\Programs\Python\Python310\lib\site-packages\rest_framework\decorators.py", line 50, in handler
    return func(*args, **kwargs)
  File "G:\e-nursary\e-nursery-django\e_nursery\Scripts\e_nursery\customer_app\views.py", line 91, in forgot_password
    otp=send_opt_via_email(email)
  File "G:\e-nursary\e-nursery-django\e_nursery\Scripts\e_nursery\customer_app\email.py", line 19, in send_opt_via_email
    send_mail(subject,message,email_from,[email]) #the send mail fiunction
  File "C:\Users\Lenovo\AppData\Local\Programs\Python\Python310\lib\site-packages\django\core\mail\__init__.py", line 87, in send_mail
    return mail.send()
  File "C:\Users\Lenovo\AppData\Local\Programs\Python\Python310\lib\site-packages\django\core\mail\message.py", line 298, in send
    return self.get_connection(fail_silently).send_messages([self])
  File "C:\Users\Lenovo\AppData\Local\Programs\Python\Python310\lib\site-packages\django\core\mail\backends\smtp.py", line 124, in send_messages
    new_conn_created = self.open()
  File "C:\Users\Lenovo\AppData\Local\Programs\Python\Python310\lib\site-packages\django\core\mail\backends\smtp.py", line 80, in open
    self.connection = self.connection_class(
  File "C:\Users\Lenovo\AppData\Local\Programs\Python\Python310\lib\smtplib.py", line 255, in __init__
    (code, msg) = self.connect(host, port)
  File "C:\Users\Lenovo\AppData\Local\Programs\Python\Python310\lib\smtplib.py", line 341, in connect
    self.sock = self._get_socket(host, port, self.timeout)
  File "C:\Users\Lenovo\AppData\Local\Programs\Python\Python310\lib\smtplib.py", line 312, in _get_socket
    return socket.create_connection((host, port), timeout,
  File "C:\Users\Lenovo\AppData\Local\Programs\Python\Python310\lib\socket.py", line 845, in create_connection
    raise err
  File "C:\Users\Lenovo\AppData\Local\Programs\Python\Python310\lib\socket.py", line 833, in create_connection
    sock.connect(sa)
ConnectionRefusedError: [WinError 10061] No connection could be made because the target machine actively refused it
2023-06-29 15:11:13,528 - INFO - G:\e-nursary\e-nursery-django\e_nursery\Scripts\e_nursery\e_nursery\settings.py changed, reloading.
2023-06-29 15:11:33,046 - INFO - forgot_password:starts
2023-06-29 15:11:33,116 - INFO - Email Exist
2023-06-29 15:11:33,116 - INFO - Email send function call
2023-06-29 15:11:33,117 - INFO - Send_otp_via_mail:starts
2023-06-29 15:11:33,117 - INFO - OTP genrated
2023-06-29 15:11:33,117 - INFO - 619645
2023-06-29 15:11:33,117 - INFO - 619645
2023-06-29 15:11:36,225 - ERROR - Internal Server Error: /customer/forgotpassword/
Traceback (most recent call last):
  File "C:\Users\Lenovo\AppData\Local\Programs\Python\Python310\lib\site-packages\django\core\handlers\exception.py", line 56, in inner
    response = get_response(request)
  File "C:\Users\Lenovo\AppData\Local\Programs\Python\Python310\lib\site-packages\django\core\handlers\base.py", line 197, in _get_response
    response = wrapped_callback(request, *callback_args, **callback_kwargs)
  File "C:\Users\Lenovo\AppData\Local\Programs\Python\Python310\lib\site-packages\django\views\decorators\csrf.py", line 55, in wrapped_view
    return view_func(*args, **kwargs)
  File "C:\Users\Lenovo\AppData\Local\Programs\Python\Python310\lib\site-packages\django\views\generic\base.py", line 103, in view
    return self.dispatch(request, *args, **kwargs)
  File "C:\Users\Lenovo\AppData\Local\Programs\Python\Python310\lib\site-packages\rest_framework\views.py", line 509, in dispatch
    response = self.handle_exception(exc)
  File "C:\Users\Lenovo\AppData\Local\Programs\Python\Python310\lib\site-packages\rest_framework\views.py", line 469, in handle_exception
    self.raise_uncaught_exception(exc)
  File "C:\Users\Lenovo\AppData\Local\Programs\Python\Python310\lib\site-packages\rest_framework\views.py", line 480, in raise_uncaught_exception
    raise exc
  File "C:\Users\Lenovo\AppData\Local\Programs\Python\Python310\lib\site-packages\rest_framework\views.py", line 506, in dispatch
    response = handler(request, *args, **kwargs)
  File "C:\Users\Lenovo\AppData\Local\Programs\Python\Python310\lib\site-packages\rest_framework\decorators.py", line 50, in handler
    return func(*args, **kwargs)
  File "G:\e-nursary\e-nursery-django\e_nursery\Scripts\e_nursery\customer_app\views.py", line 91, in forgot_password
    otp=send_opt_via_email(email)
  File "G:\e-nursary\e-nursery-django\e_nursery\Scripts\e_nursery\customer_app\email.py", line 19, in send_opt_via_email
    send_mail(subject,message,email_from,[email]) #the send mail fiunction
  File "C:\Users\Lenovo\AppData\Local\Programs\Python\Python310\lib\site-packages\django\core\mail\__init__.py", line 87, in send_mail
    return mail.send()
  File "C:\Users\Lenovo\AppData\Local\Programs\Python\Python310\lib\site-packages\django\core\mail\message.py", line 298, in send
    return self.get_connection(fail_silently).send_messages([self])
  File "C:\Users\Lenovo\AppData\Local\Programs\Python\Python310\lib\site-packages\django\core\mail\backends\smtp.py", line 124, in send_messages
    new_conn_created = self.open()
  File "C:\Users\Lenovo\AppData\Local\Programs\Python\Python310\lib\site-packages\django\core\mail\backends\smtp.py", line 91, in open
    self.connection.login(self.username, self.password)
  File "C:\Users\Lenovo\AppData\Local\Programs\Python\Python310\lib\smtplib.py", line 750, in login
    raise last_exception
  File "C:\Users\Lenovo\AppData\Local\Programs\Python\Python310\lib\smtplib.py", line 739, in login
    (code, resp) = self.auth(
  File "C:\Users\Lenovo\AppData\Local\Programs\Python\Python310\lib\smtplib.py", line 662, in auth
    raise SMTPAuthenticationError(code, resp)
smtplib.SMTPAuthenticationError: (535, b'5.7.8 Username and Password not accepted. Learn more at\n5.7.8  https://support.google.com/mail/?p=BadCredentials 8-20020a17090a004800b00262d6ac0140sm8645251pjb.9 - gsmtp')
2023-06-29 15:11:51,557 - INFO - G:\e-nursary\e-nursery-django\e_nursery\Scripts\e_nursery\e_nursery\settings.py changed, reloading.
2023-06-29 15:11:58,892 - INFO - G:\e-nursary\e-nursery-django\e_nursery\Scripts\e_nursery\e_nursery\settings.py changed, reloading.
2023-06-29 15:19:30,164 - INFO - G:\e-nursary\e-nursery-django\e_nursery\Scripts\e_nursery\e_nursery\settings.py changed, reloading.
2023-06-29 15:19:44,078 - INFO - G:\e-nursary\e-nursery-django\e_nursery\Scripts\e_nursery\e_nursery\settings.py changed, reloading.
2023-06-29 15:19:48,800 - INFO - G:\e-nursary\e-nursery-django\e_nursery\Scripts\e_nursery\e_nursery\settings.py changed, reloading.
2023-06-29 15:19:53,492 - INFO - G:\e-nursary\e-nursery-django\e_nursery\Scripts\e_nursery\e_nursery\settings.py changed, reloading.
2023-06-29 15:19:58,241 - INFO - G:\e-nursary\e-nursery-django\e_nursery\Scripts\e_nursery\e_nursery\settings.py changed, reloading.
2023-06-29 15:20:10,840 - INFO - forgot_password:starts
2023-06-29 15:20:11,083 - INFO - Email Exist
2023-06-29 15:20:11,083 - INFO - Email send function call
2023-06-29 15:20:11,083 - INFO - Send_otp_via_mail:starts
2023-06-29 15:20:11,084 - INFO - OTP genrated
2023-06-29 15:20:11,084 - INFO - 246735
2023-06-29 15:20:11,084 - INFO - 246735
2023-06-29 15:20:14,293 - ERROR - Internal Server Error: /customer/forgotpassword/
Traceback (most recent call last):
  File "C:\Users\Lenovo\AppData\Local\Programs\Python\Python310\lib\site-packages\django\core\handlers\exception.py", line 56, in inner
    response = get_response(request)
  File "C:\Users\Lenovo\AppData\Local\Programs\Python\Python310\lib\site-packages\django\core\handlers\base.py", line 197, in _get_response
    response = wrapped_callback(request, *callback_args, **callback_kwargs)
  File "C:\Users\Lenovo\AppData\Local\Programs\Python\Python310\lib\site-packages\django\views\decorators\csrf.py", line 55, in wrapped_view
    return view_func(*args, **kwargs)
  File "C:\Users\Lenovo\AppData\Local\Programs\Python\Python310\lib\site-packages\django\views\generic\base.py", line 103, in view
    return self.dispatch(request, *args, **kwargs)
  File "C:\Users\Lenovo\AppData\Local\Programs\Python\Python310\lib\site-packages\rest_framework\views.py", line 509, in dispatch
    response = self.handle_exception(exc)
  File "C:\Users\Lenovo\AppData\Local\Programs\Python\Python310\lib\site-packages\rest_framework\views.py", line 469, in handle_exception
    self.raise_uncaught_exception(exc)
  File "C:\Users\Lenovo\AppData\Local\Programs\Python\Python310\lib\site-packages\rest_framework\views.py", line 480, in raise_uncaught_exception
    raise exc
  File "C:\Users\Lenovo\AppData\Local\Programs\Python\Python310\lib\site-packages\rest_framework\views.py", line 506, in dispatch
    response = handler(request, *args, **kwargs)
  File "C:\Users\Lenovo\AppData\Local\Programs\Python\Python310\lib\site-packages\rest_framework\decorators.py", line 50, in handler
    return func(*args, **kwargs)
  File "G:\e-nursary\e-nursery-django\e_nursery\Scripts\e_nursery\customer_app\views.py", line 91, in forgot_password
    otp=send_opt_via_email(email)
  File "G:\e-nursary\e-nursery-django\e_nursery\Scripts\e_nursery\customer_app\email.py", line 19, in send_opt_via_email
    send_mail(subject,message,email_from,[email]) #the send mail fiunction
  File "C:\Users\Lenovo\AppData\Local\Programs\Python\Python310\lib\site-packages\django\core\mail\__init__.py", line 87, in send_mail
    return mail.send()
  File "C:\Users\Lenovo\AppData\Local\Programs\Python\Python310\lib\site-packages\django\core\mail\message.py", line 298, in send
    return self.get_connection(fail_silently).send_messages([self])
  File "C:\Users\Lenovo\AppData\Local\Programs\Python\Python310\lib\site-packages\django\core\mail\backends\smtp.py", line 124, in send_messages
    new_conn_created = self.open()
  File "C:\Users\Lenovo\AppData\Local\Programs\Python\Python310\lib\site-packages\django\core\mail\backends\smtp.py", line 91, in open
    self.connection.login(self.username, self.password)
  File "C:\Users\Lenovo\AppData\Local\Programs\Python\Python310\lib\smtplib.py", line 750, in login
    raise last_exception
  File "C:\Users\Lenovo\AppData\Local\Programs\Python\Python310\lib\smtplib.py", line 739, in login
    (code, resp) = self.auth(
  File "C:\Users\Lenovo\AppData\Local\Programs\Python\Python310\lib\smtplib.py", line 662, in auth
    raise SMTPAuthenticationError(code, resp)
smtplib.SMTPAuthenticationError: (535, b'5.7.8 Username and Password not accepted. Learn more at\n5.7.8  https://support.google.com/mail/?p=BadCredentials c23-20020aa78e17000000b0064f95bc04d3sm8166326pfr.20 - gsmtp')
2023-06-29 15:28:59,969 - INFO - forgot_password:starts
2023-06-29 15:29:00,659 - INFO - Email Exist
2023-06-29 15:29:00,659 - INFO - Email send function call
2023-06-29 15:29:00,665 - INFO - Send_otp_via_mail:starts
2023-06-29 15:29:00,669 - INFO - OTP genrated
2023-06-29 15:29:00,669 - INFO - 543160
2023-06-29 15:29:00,672 - INFO - 543160
2023-06-29 15:29:03,061 - ERROR - Internal Server Error: /customer/forgotpassword/
Traceback (most recent call last):
  File "C:\Users\Lenovo\AppData\Local\Programs\Python\Python310\lib\site-packages\django\core\handlers\exception.py", line 56, in inner
    response = get_response(request)
  File "C:\Users\Lenovo\AppData\Local\Programs\Python\Python310\lib\site-packages\django\core\handlers\base.py", line 197, in _get_response
    response = wrapped_callback(request, *callback_args, **callback_kwargs)
  File "C:\Users\Lenovo\AppData\Local\Programs\Python\Python310\lib\site-packages\django\views\decorators\csrf.py", line 55, in wrapped_view
    return view_func(*args, **kwargs)
  File "C:\Users\Lenovo\AppData\Local\Programs\Python\Python310\lib\site-packages\django\views\generic\base.py", line 103, in view
    return self.dispatch(request, *args, **kwargs)
  File "C:\Users\Lenovo\AppData\Local\Programs\Python\Python310\lib\site-packages\rest_framework\views.py", line 509, in dispatch
    response = self.handle_exception(exc)
  File "C:\Users\Lenovo\AppData\Local\Programs\Python\Python310\lib\site-packages\rest_framework\views.py", line 469, in handle_exception
    self.raise_uncaught_exception(exc)
  File "C:\Users\Lenovo\AppData\Local\Programs\Python\Python310\lib\site-packages\rest_framework\views.py", line 480, in raise_uncaught_exception
    raise exc
  File "C:\Users\Lenovo\AppData\Local\Programs\Python\Python310\lib\site-packages\rest_framework\views.py", line 506, in dispatch
    response = handler(request, *args, **kwargs)
  File "C:\Users\Lenovo\AppData\Local\Programs\Python\Python310\lib\site-packages\rest_framework\decorators.py", line 50, in handler
    return func(*args, **kwargs)
  File "G:\e-nursary\e-nursery-django\e_nursery\Scripts\e_nursery\customer_app\views.py", line 91, in forgot_password
    otp=send_opt_via_email(email)
  File "G:\e-nursary\e-nursery-django\e_nursery\Scripts\e_nursery\customer_app\email.py", line 19, in send_opt_via_email
    send_mail(subject,message,email_from,[email]) #the send mail fiunction
  File "C:\Users\Lenovo\AppData\Local\Programs\Python\Python310\lib\site-packages\django\core\mail\__init__.py", line 87, in send_mail
    return mail.send()
  File "C:\Users\Lenovo\AppData\Local\Programs\Python\Python310\lib\site-packages\django\core\mail\message.py", line 298, in send
    return self.get_connection(fail_silently).send_messages([self])
  File "C:\Users\Lenovo\AppData\Local\Programs\Python\Python310\lib\site-packages\django\core\mail\backends\smtp.py", line 124, in send_messages
    new_conn_created = self.open()
  File "C:\Users\Lenovo\AppData\Local\Programs\Python\Python310\lib\site-packages\django\core\mail\backends\smtp.py", line 91, in open
    self.connection.login(self.username, self.password)
  File "C:\Users\Lenovo\AppData\Local\Programs\Python\Python310\lib\smtplib.py", line 750, in login
    raise last_exception
  File "C:\Users\Lenovo\AppData\Local\Programs\Python\Python310\lib\smtplib.py", line 739, in login
    (code, resp) = self.auth(
  File "C:\Users\Lenovo\AppData\Local\Programs\Python\Python310\lib\smtplib.py", line 662, in auth
    raise SMTPAuthenticationError(code, resp)
smtplib.SMTPAuthenticationError: (535, b'5.7.8 Username and Password not accepted. Learn more at\n5.7.8  https://support.google.com/mail/?p=BadCredentials j23-20020a17090a061700b0025bf64ac0besm11393965pjj.55 - gsmtp')
2023-06-29 15:46:44,667 - INFO - G:\e-nursary\e-nursery-django\e_nursery\Scripts\e_nursery\e_nursery\settings.py changed, reloading.
2023-06-29 15:47:50,737 - INFO - forgot_password:starts
2023-06-29 15:47:50,967 - INFO - Email Exist
2023-06-29 15:47:50,968 - INFO - Email send function call
2023-06-29 15:47:50,968 - INFO - Send_otp_via_mail:starts
2023-06-29 15:47:50,968 - INFO - OTP genrated
2023-06-29 15:47:50,971 - INFO - 228249
2023-06-29 15:47:50,971 - INFO - 228249
2023-06-29 15:48:02,009 - INFO - Email send
2023-06-29 15:48:02,010 - INFO - email send function return otp
2023-06-29 15:48:02,010 - INFO - 228249
2023-06-29 15:52:57,536 - INFO - register_customer function started
2023-06-29 15:52:58,092 - INFO - register_customer:data is valid
2023-06-29 15:52:58,092 - INFO - Checking Email exits
2023-06-29 15:52:58,139 - INFO - Email not exist
2023-06-29 15:52:58,965 - INFO - customer data is saved
2023-06-29 15:54:04,379 - INFO - forgot_password:starts
2023-06-29 15:54:04,495 - INFO - Email Exist
2023-06-29 15:54:04,495 - INFO - Email send function call
2023-06-29 15:54:04,496 - INFO - Send_otp_via_mail:starts
2023-06-29 15:54:04,499 - INFO - OTP genrated
2023-06-29 15:54:04,499 - INFO - 279014
2023-06-29 15:54:04,499 - INFO - 279014
2023-06-29 15:54:07,954 - INFO - Email send
2023-06-29 15:54:07,954 - INFO - email send function return otp
2023-06-29 15:54:07,954 - INFO - 279014
2023-06-29 15:56:29,513 - INFO - G:\e-nursary\e-nursery-django\e_nursery\Scripts\e_nursery\customer_app\urls.py changed, reloading.
2023-06-29 16:05:59,826 - INFO - forgot_password:starts
2023-06-29 16:06:01,027 - INFO - Email Exist
2023-06-29 16:06:01,027 - INFO - Email send function call
2023-06-29 16:06:01,028 - INFO - Send_otp_via_mail:starts
2023-06-29 16:06:01,034 - INFO - OTP genrated
2023-06-29 16:06:01,035 - INFO - 858967
2023-06-29 16:06:01,036 - INFO - 858967
2023-06-29 16:06:05,284 - INFO - Email send
2023-06-29 16:06:05,284 - INFO - email send function return otp
2023-06-29 16:06:05,284 - INFO - 858967
